This is pdfTeX, Version 3.14159265-2.6-1.40.21 (MiKTeX 2.9.7300 64-bit) (preloaded format=pdflatex 2020.2.16)  27 APR 2020 18:17
entering extended mode
**./Thesis.tex
(Thesis.tex
LaTeX2e <2020-02-02>
L3 programming layer <2020-02-03> (Thesis.cls
Document Class: Thesis 2007/22/02 v1.0 LaTeX document class
("C:\Users\YongBo\AppData\Local\Programs\MiKTeX 2.9.0\tex/latex/base\book.cls"
Document Class: book 2019/12/20 v1.4l Standard LaTeX document class
("C:\Users\YongBo\AppData\Local\Programs\MiKTeX 2.9.0\tex/latex/base\bk11.clo"
File: bk11.clo 2019/12/20 v1.4l Standard LaTeX file (size option)
)
\c@part=\count167
\c@chapter=\count168
\c@section=\count169
\c@subsection=\count170
\c@subsubsection=\count171
\c@paragraph=\count172
\c@subparagraph=\count173
\c@figure=\count174
\c@table=\count175
\abovecaptionskip=\skip47
\belowcaptionskip=\skip48
\bibindent=\dimen134
)
("C:\Users\YongBo\AppData\Local\Programs\MiKTeX 2.9.0\tex/latex/setspace\setspa
ce.sty"
Package: setspace 2011/12/19 v6.7a set line spacing
)
("C:\Users\YongBo\AppData\Local\Programs\MiKTeX 2.9.0\tex/latex/vmargin\vmargin
.sty"
Package: vmargin 2004/07/15 V2.5 set document margins (VK)

Package: vmargin 2004/07/15 V2.5 set document margins (VK)
\PaperWidth=\dimen135
\PaperHeight=\dimen136
)
("C:\Users\YongBo\AppData\Local\Programs\MiKTeX 2.9.0\tex/latex/fancyhdr\fancyh
dr.sty"
Package: fancyhdr 2019/01/31 v3.10 Extensive control of page headers and footer
s
\f@nch@headwidth=\skip49
\f@nch@O@elh=\skip50
\f@nch@O@erh=\skip51
\f@nch@O@olh=\skip52
\f@nch@O@orh=\skip53
\f@nch@O@elf=\skip54
\f@nch@O@erf=\skip55
\f@nch@O@olf=\skip56
\f@nch@O@orf=\skip57
)
("C:\Users\YongBo\AppData\Local\Programs\MiKTeX 2.9.0\tex/latex/amsmath\amsmath
.sty"
Package: amsmath 2020/01/20 v2.17e AMS math features
\@mathmargin=\skip58

For additional information on amsmath, use the `?' option.

("C:\Users\YongBo\AppData\Local\Programs\MiKTeX 2.9.0\tex/latex/amsmath\amstext
.sty"
Package: amstext 2000/06/29 v2.01 AMS text

("C:\Users\YongBo\AppData\Local\Programs\MiKTeX 2.9.0\tex/latex/amsmath\amsgen.
sty"
File: amsgen.sty 1999/11/30 v2.0 generic functions
\@emptytoks=\toks14
\ex@=\dimen137
))
("C:\Users\YongBo\AppData\Local\Programs\MiKTeX 2.9.0\tex/latex/amsmath\amsbsy.
sty"
Package: amsbsy 1999/11/29 v1.2d Bold Symbols
\pmbraise@=\dimen138
)
("C:\Users\YongBo\AppData\Local\Programs\MiKTeX 2.9.0\tex/latex/amsmath\amsopn.
sty"
Package: amsopn 2016/03/08 v2.02 operator names
)
\inf@bad=\count176
LaTeX Info: Redefining \frac on input line 227.
\uproot@=\count177
\leftroot@=\count178
LaTeX Info: Redefining \overline on input line 389.
\classnum@=\count179
\DOTSCASE@=\count180
LaTeX Info: Redefining \ldots on input line 486.
LaTeX Info: Redefining \dots on input line 489.
LaTeX Info: Redefining \cdots on input line 610.
\Mathstrutbox@=\box45
\strutbox@=\box46
\big@size=\dimen139
LaTeX Font Info:    Redeclaring font encoding OML on input line 733.
LaTeX Font Info:    Redeclaring font encoding OMS on input line 734.
\macc@depth=\count181
\c@MaxMatrixCols=\count182
\dotsspace@=\muskip16
\c@parentequation=\count183
\dspbrk@lvl=\count184
\tag@help=\toks15
\row@=\count185
\column@=\count186
\maxfields@=\count187
\andhelp@=\toks16
\eqnshift@=\dimen140
\alignsep@=\dimen141
\tagshift@=\dimen142
\tagwidth@=\dimen143
\totwidth@=\dimen144
\lineht@=\dimen145
\@envbody=\toks17
\multlinegap=\skip59
\multlinetaggap=\skip60
\mathdisplay@stack=\toks18
LaTeX Info: Redefining \[ on input line 2859.
LaTeX Info: Redefining \] on input line 2860.
)
("C:\Users\YongBo\AppData\Local\Programs\MiKTeX 2.9.0\tex/latex/amsfonts\amsfon
ts.sty"
Package: amsfonts 2013/01/14 v3.01 Basic AMSFonts support
\symAMSa=\mathgroup4
\symAMSb=\mathgroup5
LaTeX Font Info:    Redeclaring math symbol \hbar on input line 98.
LaTeX Font Info:    Overwriting math alphabet `\mathfrak' in version `bold'
(Font)                  U/euf/m/n --> U/euf/b/n on input line 106.
)
("C:\Users\YongBo\AppData\Local\Programs\MiKTeX 2.9.0\tex/latex/amsfonts\amssym
b.sty"
Package: amssymb 2013/01/14 v3.01 AMS font symbols
)
("C:\Users\YongBo\AppData\Local\Programs\MiKTeX 2.9.0\tex/latex/amsmath\amscd.s
ty"
Package: amscd 2017/04/14 v2.1 AMS Commutative Diagrams
\athelp@=\toks19
\minaw@=\dimen146
\bigaw@=\dimen147
\minCDarrowwidth=\dimen148
)
("C:\Users\YongBo\AppData\Local\Programs\MiKTeX 2.9.0\tex/latex/amscls\amsthm.s
ty"
Package: amsthm 2017/10/31 v2.20.4
\thm@style=\toks20
\thm@bodyfont=\toks21
\thm@headfont=\toks22
\thm@notefont=\toks23
\thm@headpunct=\toks24
\thm@preskip=\skip61
\thm@postskip=\skip62
\thm@headsep=\skip63
\dth@everypar=\toks25
)
("C:\Users\YongBo\AppData\Local\Programs\MiKTeX 2.9.0\tex/latex/tools\xspace.st
y"
Package: xspace 2014/10/28 v1.13 Space after command names (DPC,MH)
)
\c@example=\count188
\c@theorem=\count189

("C:\Users\YongBo\AppData\Local\Programs\MiKTeX 2.9.0\tex/latex/caption\caption
.sty"
Package: caption 2020/01/03 v3.4h Customizing captions (AR)

("C:\Users\YongBo\AppData\Local\Programs\MiKTeX 2.9.0\tex/latex/caption\caption
3.sty"
Package: caption3 2020/01/03 v1.8h caption3 kernel (AR)
Package caption3 Info: TeX engine: e-TeX on input line 61.

("C:\Users\YongBo\AppData\Local\Programs\MiKTeX 2.9.0\tex/latex/graphics\keyval
.sty"
Package: keyval 2014/10/28 v1.15 key=value parser (DPC)
\KV@toks@=\toks26
)
\captionmargin=\dimen149
\captionmargin@=\dimen150
\captionwidth=\dimen151
\caption@tempdima=\dimen152
\caption@indent=\dimen153
\caption@parindent=\dimen154
\caption@hangindent=\dimen155
Package caption Info: Standard document class detected.
)
\c@caption@flags=\count190
\c@continuedfloat=\count191
)
("C:\Users\YongBo\AppData\Local\Programs\MiKTeX 2.9.0\tex/latex/graphics\graphi
cx.sty"
Package: graphicx 2019/11/30 v1.2a Enhanced LaTeX Graphics (DPC,SPQR)

("C:\Users\YongBo\AppData\Local\Programs\MiKTeX 2.9.0\tex/latex/graphics\graphi
cs.sty"
Package: graphics 2019/11/30 v1.4a Standard LaTeX Graphics (DPC,SPQR)

("C:\Users\YongBo\AppData\Local\Programs\MiKTeX 2.9.0\tex/latex/graphics\trig.s
ty"
Package: trig 2016/01/03 v1.10 sin cos tan (DPC)
)
("C:\Users\YongBo\AppData\Local\Programs\MiKTeX 2.9.0\tex/latex/graphics-cfg\gr
aphics.cfg"
File: graphics.cfg 2016/06/04 v1.11 sample graphics configuration
)
Package graphics Info: Driver file: pdftex.def on input line 105.

("C:\Users\YongBo\AppData\Local\Programs\MiKTeX 2.9.0\tex/latex/graphics-def\pd
ftex.def"
File: pdftex.def 2018/01/08 v1.0l Graphics/color driver for pdftex
))
\Gin@req@height=\dimen156
\Gin@req@width=\dimen157
)
("C:\Users\YongBo\AppData\Local\Programs\MiKTeX 2.9.0\tex/latex/epstopdf-pkg\ep
stopdf.sty"
Package: epstopdf 2020-01-24 v2.11 Conversion with epstopdf on the fly (HO)

("C:\Users\YongBo\AppData\Local\Programs\MiKTeX 2.9.0\tex/generic/infwarerr\inf
warerr.sty"
Package: infwarerr 2019/12/03 v1.5 Providing info/warning/error messages (HO)
)
("C:\Users\YongBo\AppData\Local\Programs\MiKTeX 2.9.0\tex/latex/grfext\grfext.s
ty"
Package: grfext 2019/12/03 v1.3 Manage graphics extensions (HO)

("C:\Users\YongBo\AppData\Local\Programs\MiKTeX 2.9.0\tex/generic/kvdefinekeys\
kvdefinekeys.sty"
Package: kvdefinekeys 2019-12-19 v1.6 Define keys (HO)
))
("C:\Users\YongBo\AppData\Local\Programs\MiKTeX 2.9.0\tex/latex/kvoptions\kvopt
ions.sty"
Package: kvoptions 2019/11/29 v3.13 Key value format for package options (HO)

("C:\Users\YongBo\AppData\Local\Programs\MiKTeX 2.9.0\tex/generic/ltxcmds\ltxcm
ds.sty"
Package: ltxcmds 2019/12/15 v1.24 LaTeX kernel commands for general use (HO)
)
("C:\Users\YongBo\AppData\Local\Programs\MiKTeX 2.9.0\tex/generic/kvsetkeys\kvs
etkeys.sty"
Package: kvsetkeys 2019/12/15 v1.18 Key value parser (HO)
))
("C:\Users\YongBo\AppData\Local\Programs\MiKTeX 2.9.0\tex/latex/pdftexcmds\pdft
excmds.sty"
Package: pdftexcmds 2019/11/24 v0.31 Utility functions of pdfTeX for LuaTeX (HO
)

("C:\Users\YongBo\AppData\Local\Programs\MiKTeX 2.9.0\tex/generic/iftex\iftex.s
ty"
Package: iftex 2019/11/07 v1.0c TeX engine tests
)
Package pdftexcmds Info: \pdf@primitive is available.
Package pdftexcmds Info: \pdf@ifprimitive is available.
Package pdftexcmds Info: \pdfdraftmode found.
)
("C:\Users\YongBo\AppData\Local\Programs\MiKTeX 2.9.0\tex/latex/epstopdf-pkg\ep
stopdf-base.sty"
Package: epstopdf-base 2020-01-24 v2.11 Base part for package epstopdf
Package epstopdf-base Info: Redefining graphics rule for `.eps' on input line 4
85.
Package grfext Info: Graphics extension search list:
(grfext)             [.pdf,.png,.jpg,.mps,.jpeg,.jbig2,.jb2,.PDF,.PNG,.JPG,.JPE
G,.JBIG2,.JB2,.eps]
(grfext)             \AppendGraphicsExtensions on input line 504.
))
("C:\Users\YongBo\AppData\Local\Programs\MiKTeX 2.9.0\tex/latex/subfigure\subfi
gure.sty"
Package: subfigure 2002/07/30 v2.1.4 subfigure package
\subfigtopskip=\skip64
\subfigcapskip=\skip65
\subfigcaptopadj=\dimen158
\subfigbottomskip=\skip66
\subfigcapmargin=\dimen159
\subfiglabelskip=\skip67
\c@subfigure=\count192
\c@lofdepth=\count193
\c@subtable=\count194
\c@lotdepth=\count195

****************************************
* Local config file subfigure.cfg used *
****************************************

("C:\Users\YongBo\AppData\Local\Programs\MiKTeX 2.9.0\tex/latex/subfigure\subfi
gure.cfg")
\subfig@top=\skip68
\subfig@bottom=\skip69
)
("C:\Users\YongBo\AppData\Local\Programs\MiKTeX 2.9.0\tex/latex/booktabs\bookta
bs.sty"
Package: booktabs 2020/01/12 v1.61803398 Publication quality tables
\heavyrulewidth=\dimen160
\lightrulewidth=\dimen161
\cmidrulewidth=\dimen162
\belowrulesep=\dimen163
\belowbottomsep=\dimen164
\aboverulesep=\dimen165
\abovetopsep=\dimen166
\cmidrulesep=\dimen167
\cmidrulekern=\dimen168
\defaultaddspace=\dimen169
\@cmidla=\count196
\@cmidlb=\count197
\@aboverulesep=\dimen170
\@belowrulesep=\dimen171
\@thisruleclass=\count198
\@lastruleclass=\count199
\@thisrulewidth=\dimen172
)
("C:\Users\YongBo\AppData\Local\Programs\MiKTeX 2.9.0\tex/latex/graphics\rotati
ng.sty"
Package: rotating 2016/08/11 v2.16d rotated objects in LaTeX

("C:\Users\YongBo\AppData\Local\Programs\MiKTeX 2.9.0\tex/latex/base\ifthen.sty
"
Package: ifthen 2014/09/29 v1.1c Standard LaTeX ifthen package (DPC)
)
\c@r@tfl@t=\count266
\rotFPtop=\skip70
\rotFPbot=\skip71
\rot@float@box=\box47
\rot@mess@toks=\toks27
)
("C:\Users\YongBo\AppData\Local\Programs\MiKTeX 2.9.0\tex/latex/listings\listin
gs.sty"
\lst@mode=\count267
\lst@gtempboxa=\box48
\lst@token=\toks28
\lst@length=\count268
\lst@currlwidth=\dimen173
\lst@column=\count269
\lst@pos=\count270
\lst@lostspace=\dimen174
\lst@width=\dimen175
\lst@newlines=\count271
\lst@lineno=\count272
\lst@maxwidth=\dimen176
 (lstpatch.sty

***
*** This is a patch for listings 1.3, but you're using
*** version 1.8c.
***
*** Patch file not loaded.
***

)
("C:\Users\YongBo\AppData\Local\Programs\MiKTeX 2.9.0\tex/latex/listings\lstmis
c.sty"
File: lstmisc.sty 2019/09/10 1.8c (Carsten Heinz)
\c@lstnumber=\count273
\lst@skipnumbers=\count274
\lst@framebox=\box49
)
("C:\Users\YongBo\AppData\Local\Programs\MiKTeX 2.9.0\tex/latex/listings\listin
gs.cfg"
File: listings.cfg 2019/09/10 1.8c listings configuration
))
Package: listings 2019/09/10 1.8c (Carsten Heinz)
 (lstpatch.sty

***
*** This is a patch for listings 1.3, but you're using
*** version 1.8c.
***
 *** Patch file not loaded.
***

)
("C:\Users\YongBo\AppData\Local\Programs\MiKTeX 2.9.0\tex/latex/hyperref\hyperr
ef.sty"
Package: hyperref 2020/01/14 v7.00d Hypertext links for LaTeX

("C:\Users\YongBo\AppData\Local\Programs\MiKTeX 2.9.0\tex/generic/pdfescape\pdf
escape.sty"
Package: pdfescape 2019/12/09 v1.15 Implements pdfTeX's escape features (HO)
)
("C:\Users\YongBo\AppData\Local\Programs\MiKTeX 2.9.0\tex/latex/hycolor\hycolor
.sty"
Package: hycolor 2020-01-27 v1.10 Color options for hyperref/bookmark (HO)
)
("C:\Users\YongBo\AppData\Local\Programs\MiKTeX 2.9.0\tex/latex/letltxmacro\let
ltxmacro.sty"
Package: letltxmacro 2019/12/03 v1.6 Let assignment for LaTeX macros (HO)
)
("C:\Users\YongBo\AppData\Local\Programs\MiKTeX 2.9.0\tex/latex/auxhook\auxhook
.sty"
Package: auxhook 2019-12-17 v1.6 Hooks for auxiliary files (HO)
)
\@linkdim=\dimen177
\Hy@linkcounter=\count275
\Hy@pagecounter=\count276

("C:\Users\YongBo\AppData\Local\Programs\MiKTeX 2.9.0\tex/latex/hyperref\pd1enc
.def"
File: pd1enc.def 2020/01/14 v7.00d Hyperref: PDFDocEncoding definition (HO)
Now handling font encoding PD1 ...
... no UTF-8 mapping file for font encoding PD1
)
("C:\Users\YongBo\AppData\Local\Programs\MiKTeX 2.9.0\tex/generic/intcalc\intca
lc.sty"
Package: intcalc 2019/12/15 v1.3 Expandable calculations with integers (HO)
)
("C:\Users\YongBo\AppData\Local\Programs\MiKTeX 2.9.0\tex/generic/etexcmds\etex
cmds.sty"
Package: etexcmds 2019/12/15 v1.7 Avoid name clashes with e-TeX commands (HO)
)
\Hy@SavedSpaceFactor=\count277
Package hyperref Info: Option `bookmarks' set `true' on input line 4421.
Package hyperref Info: Option `bookmarksopen' set `true' on input line 4421.
Package hyperref Info: Option `bookmarksnumbered' set `true' on input line 4421
.
Package hyperref Info: Option `hypertexnames' set `false' on input line 4421.
Package hyperref Info: Option `colorlinks' set `true' on input line 4421.
Package hyperref Info: Option `unicode' set `true' on input line 4421.

("C:\Users\YongBo\AppData\Local\Programs\MiKTeX 2.9.0\tex/latex/hyperref\puenc.
def"
File: puenc.def 2020/01/14 v7.00d Hyperref: PDF Unicode definition (HO)
Now handling font encoding PU ...
... no UTF-8 mapping file for font encoding PU
)
Package hyperref Info: Option `breaklinks' set `true' on input line 4421.
Package hyperref Info: Hyper figures OFF on input line 4547.
Package hyperref Info: Link nesting OFF on input line 4552.
Package hyperref Info: Hyper index ON on input line 4555.
Package hyperref Info: Plain pages OFF on input line 4562.
Package hyperref Info: Backreferencing OFF on input line 4567.
Package hyperref Info: Implicit mode ON; LaTeX internals redefined.
Package hyperref Info: Bookmarks ON on input line 4800.
\c@Hy@tempcnt=\count278

("C:\Users\YongBo\AppData\Local\Programs\MiKTeX 2.9.0\tex/latex/url\url.sty"
\Urlmuskip=\muskip17
Package: url 2013/09/16  ver 3.4  Verb mode for urls, etc.
)
LaTeX Info: Redefining \url on input line 5159.
\XeTeXLinkMargin=\dimen178

("C:\Users\YongBo\AppData\Local\Programs\MiKTeX 2.9.0\tex/generic/bitset\bitset
.sty"
Package: bitset 2019/12/09 v1.3 Handle bit-vector datatype (HO)

("C:\Users\YongBo\AppData\Local\Programs\MiKTeX 2.9.0\tex/generic/bigintcalc\bi
gintcalc.sty"
Package: bigintcalc 2019/12/15 v1.5 Expandable calculations on big integers (HO
)
))
\Fld@menulength=\count279
\Field@Width=\dimen179
\Fld@charsize=\dimen180
Package hyperref Info: Hyper figures OFF on input line 6430.
Package hyperref Info: Link nesting OFF on input line 6435.
Package hyperref Info: Hyper index ON on input line 6438.
Package hyperref Info: backreferencing OFF on input line 6445.
Package hyperref Info: Link coloring ON on input line 6448.
Package hyperref Info: Link coloring with OCG OFF on input line 6455.
Package hyperref Info: PDF/A mode OFF on input line 6460.
LaTeX Info: Redefining \ref on input line 6500.
LaTeX Info: Redefining \pageref on input line 6504.

("C:\Users\YongBo\AppData\Local\Programs\MiKTeX 2.9.0\tex/generic/atbegshi\atbe
gshi.sty"
Package: atbegshi 2019/12/05 v1.19 At begin shipout hook (HO)
)
\Hy@abspage=\count280
\c@Item=\count281
\c@Hfootnote=\count282
)
Package hyperref Info: Driver (autodetected): hpdftex.

("C:\Users\YongBo\AppData\Local\Programs\MiKTeX 2.9.0\tex/latex/hyperref\hpdfte
x.def"
File: hpdftex.def 2020/01/14 v7.00d Hyperref driver for pdfTeX

("C:\Users\YongBo\AppData\Local\Programs\MiKTeX 2.9.0\tex/latex/atveryend\atver
yend.sty"
Package: atveryend 2019-12-11 v1.11 Hooks at the very end of document (HO)
Package atveryend Info: \enddocument detected (standard20110627).
)
\Fld@listcount=\count283
\c@bookmark@seq@number=\count284

("C:\Users\YongBo\AppData\Local\Programs\MiKTeX 2.9.0\tex/latex/rerunfilecheck\
rerunfilecheck.sty"
Package: rerunfilecheck 2019/12/05 v1.9 Rerun checks for auxiliary files (HO)

("C:\Users\YongBo\AppData\Local\Programs\MiKTeX 2.9.0\tex/generic/uniquecounter
\uniquecounter.sty"
Package: uniquecounter 2019/12/15 v1.4 Provide unlimited unique counter (HO)
)
Package uniquecounter Info: New unique counter `rerunfilecheck' on input line 2
86.
)
\Hy@SectionHShift=\skip72
)
\c@dummy=\count285

("C:\Users\YongBo\AppData\Local\Programs\MiKTeX 2.9.0\tex/latex/tools\longtable
.sty"
Package: longtable 2020/01/07 v4.13 Multi-page Table package (DPC)
\LTleft=\skip73
\LTright=\skip74
\LTpre=\skip75
\LTpost=\skip76
\LTchunksize=\count286
\LTcapwidth=\dimen181
\LT@head=\box50
\LT@firsthead=\box51
\LT@foot=\box52
\LT@lastfoot=\box53
\LT@cols=\count287
\LT@rows=\count288
\c@LT@tables=\count289
\c@LT@chunks=\count290
\LT@p@ftn=\toks29
))
("C:\Users\YongBo\AppData\Local\Programs\MiKTeX 2.9.0\tex/latex/natbib\natbib.s
ty"
Package: natbib 2010/09/13 8.31b (PWD, AO)
\bibhang=\skip77
\bibsep=\skip78
LaTeX Info: Redefining \cite on input line 694.
\c@NAT@ctr=\count291
)
("C:\Users\YongBo\AppData\Local\Programs\MiKTeX 2.9.0\tex/latex/tools\verbatim.
sty"
Package: verbatim 2019/11/10 v1.5r LaTeX2e package for verbatim enhancements
\every@verbatim=\toks30
\verbatim@line=\toks31
\verbatim@in@stream=\read2
) (vector.sty
Package: vector 1994/09/16 v1.0 vector macros for LaTeX2e (nde)

("C:\Users\YongBo\AppData\Local\Programs\MiKTeX 2.9.0\tex/latex/tools\calc.sty"
Package: calc 2017/05/25 v4.3 Infix arithmetic (KKT,FJ)
\calc@Acount=\count292
\calc@Bcount=\count293
\calc@Adimen=\dimen182
\calc@Bdimen=\dimen183
\calc@Askip=\skip79
\calc@Bskip=\skip80
LaTeX Info: Redefining \setlength on input line 80.
LaTeX Info: Redefining \addtolength on input line 81.
\calc@Ccount=\count294
\calc@Cskip=\skip81
)
\c@vec@elem=\count295
)
Package hyperref Info: Option `colorlinks' set `true' on input line 15.

("C:\Users\YongBo\AppData\Local\Programs\MiKTeX 2.9.0\tex/latex/l3backend\l3bac
kend-pdfmode.def"
File: l3backend-pdfmode.def 2020-02-03 L3 backend support: PDF mode
\l__kernel_color_stack_int=\count296
\l__pdf_internal_box=\box54
) (Thesis.aux)
\openout1 = `Thesis.aux'.

LaTeX Font Info:    Checking defaults for OML/cmm/m/it on input line 18.
LaTeX Font Info:    ... okay on input line 18.
LaTeX Font Info:    Checking defaults for OMS/cmsy/m/n on input line 18.
LaTeX Font Info:    ... okay on input line 18.
LaTeX Font Info:    Checking defaults for OT1/cmr/m/n on input line 18.
LaTeX Font Info:    ... okay on input line 18.
LaTeX Font Info:    Checking defaults for T1/cmr/m/n on input line 18.
LaTeX Font Info:    ... okay on input line 18.
LaTeX Font Info:    Checking defaults for TS1/cmr/m/n on input line 18.
LaTeX Font Info:    ... okay on input line 18.
LaTeX Font Info:    Checking defaults for OMX/cmex/m/n on input line 18.
LaTeX Font Info:    ... okay on input line 18.
LaTeX Font Info:    Checking defaults for U/cmr/m/n on input line 18.
LaTeX Font Info:    ... okay on input line 18.
LaTeX Font Info:    Checking defaults for PD1/pdf/m/n on input line 18.
LaTeX Font Info:    ... okay on input line 18.
LaTeX Font Info:    Checking defaults for PU/pdf/m/n on input line 18.
LaTeX Font Info:    ... okay on input line 18.
Package caption Info: Begin \AtBeginDocument code.
Package caption Info: hyperref package is loaded.
Package caption Info: listings package is loaded.
Package caption Info: longtable package is loaded.

("C:\Users\YongBo\AppData\Local\Programs\MiKTeX 2.9.0\tex/latex/caption\ltcapti
on.sty"
Package: ltcaption 2018/08/26 v1.4a longtable captions (AR)
)
Package caption Info: rotating package is loaded.
Package caption Info: subfigure package is loaded.
Package caption Info: End \AtBeginDocument code.

("C:\Users\YongBo\AppData\Local\Programs\MiKTeX 2.9.0\tex/context/base/mkii\sup
p-pdf.mkii"
[Loading MPS to PDF converter (version 2006.09.02).]
\scratchcounter=\count297
\scratchdimen=\dimen184
\scratchbox=\box55
\nofMPsegments=\count298
\nofMParguments=\count299
\everyMPshowfont=\toks32
\MPscratchCnt=\count300
\MPscratchDim=\dimen185
\MPnumerator=\count301
\makeMPintoPDFobject=\count302
\everyMPtoPDFconversion=\toks33
)
\c@lstlisting=\count303
\AtBeginShipoutBox=\box56

("C:\Users\YongBo\AppData\Local\Programs\MiKTeX 2.9.0\tex/latex/graphics\color.
sty"
Package: color 2019/11/23 v1.2a Standard LaTeX Color (DPC)

("C:\Users\YongBo\AppData\Local\Programs\MiKTeX 2.9.0\tex/latex/graphics-cfg\co
lor.cfg"
File: color.cfg 2016/01/02 v1.6 sample color configuration
)
Package color Info: Driver file: pdftex.def on input line 147.
)
Package hyperref Info: Link coloring ON on input line 18.

("C:\Users\YongBo\AppData\Local\Programs\MiKTeX 2.9.0\tex/latex/hyperref\namere
f.sty"
Package: nameref 2019/09/16 v2.46 Cross-referencing by name of section

("C:\Users\YongBo\AppData\Local\Programs\MiKTeX 2.9.0\tex/latex/refcount\refcou
nt.sty"
Package: refcount 2019/12/15 v3.6 Data extraction from label references (HO)
)
("C:\Users\YongBo\AppData\Local\Programs\MiKTeX 2.9.0\tex/generic/gettitlestrin
g\gettitlestring.sty"
Package: gettitlestring 2019/12/15 v1.6 Cleanup title references (HO)
)
\c@section@level=\count304
)
LaTeX Info: Redefining \ref on input line 18.
LaTeX Info: Redefining \pageref on input line 18.
LaTeX Info: Redefining \nameref on input line 18.
 (Thesis.out) (Thesis.out)
\@outlinefile=\write3
\openout3 = `Thesis.out'.


------------------------------------------------------------------------------
 Title Page
------------------------------------------------------------------------------
[1



{C:/Users/YongBo/AppData/Local/MiKTeX/2.9/pdftex/config/pdftex.map}]
------------------------------------------------------------------------------
 Declaration of Authorship
------------------------------------------------------------------------------
LaTeX Font Info:    Trying to load font information for U+msa on input line 73.


("C:\Users\YongBo\AppData\Local\Programs\MiKTeX 2.9.0\tex/latex/amsfonts\umsa.f
d"
File: umsa.fd 2013/01/14 v3.01 AMS symbols A
)
LaTeX Font Info:    Trying to load font information for U+msb on input line 73.


("C:\Users\YongBo\AppData\Local\Programs\MiKTeX 2.9.0\tex/latex/amsfonts\umsb.f
d"
File: umsb.fd 2013/01/14 v3.01 AMS symbols B
)
Underfull \hbox (badness 10000) in paragraph at lines 73--73

 []

[1

]
------------------------------------------------------------------------------
 Abstract Page
------------------------------------------------------------------------------
[2

]
------------------------------------------------------------------------------
 Table of Contents
------------------------------------------------------------------------------
(Thesis.toc [3


])
\tf@toc=\write4
\openout4 = `Thesis.toc'.

 [4]
------------------------------------------------------------------------------
 List of Figures
------------------------------------------------------------------------------
(Thesis.lof [5


])
\tf@lof=\write5
\openout5 = `Thesis.lof'.

 [6] [7] (Chapters/Chapter1.tex
Chapter 1.
------------------------------------------------------------------------------
 1 Introduction
------------------------------------------------------------------------------
<figs/test.png, id=426, 445.665pt x 176.91093pt>
File: figs/test.png Graphic file (type png)
<use figs/test.png>
Package pdftex.def Info: figs/test.png  used on input line 8.
(pdftex.def)             Requested size: 216.81pt x 86.06624pt.
[1



] [2 <./figs/test.png>]
<figs/cnn_model.png, id=441, 395.97937pt x 88.07906pt>
File: figs/cnn_model.png Graphic file (type png)
<use figs/cnn_model.png>
Package pdftex.def Info: figs/cnn_model.png  used on input line 35.
(pdftex.def)             Requested size: 216.81pt x 48.22589pt.
 [3]
<figs/vgg-16.png, id=449, 651.18282pt x 178.41656pt>
File: figs/vgg-16.png Graphic file (type png)
<use figs/vgg-16.png>
Package pdftex.def Info: figs/vgg-16.png  used on input line 49.
(pdftex.def)             Requested size: 216.81pt x 59.40306pt.
 [4 <./figs/cnn_model.png> <./figs/vgg-16.png>])
(Chapters/Chapter2.tex [5]
Chapter 2.
------------------------------------------------------------------------------
 2 Background
------------------------------------------------------------------------------
[6

]
<figs/nn_2.1.png, id=480, 138.5175pt x 113.67468pt>
File: figs/nn_2.1.png Graphic file (type png)
<use figs/nn_2.1.png>
Package pdftex.def Info: figs/nn_2.1.png  used on input line 31.
(pdftex.def)             Requested size: 216.81pt x 177.92671pt.
<figs/relu.png, id=483, 462.528pt x 346.896pt>
File: figs/relu.png Graphic file (type png)
<use figs/relu.png>
Package pdftex.def Info: figs/relu.png  used on input line 41.
(pdftex.def)             Requested size: 216.81pt x 162.60709pt.
 [7 <./figs/nn_2.1.png>] [8 <./figs/relu.png>]
<figs/cnn_hv_features.png, id=502, 350.81062pt x 128.73094pt>
File: figs/cnn_hv_features.png Graphic file (type png)
<use figs/cnn_hv_features.png>
Package pdftex.def Info: figs/cnn_hv_features.png  used on input line 59.
(pdftex.def)             Requested size: 289.07999pt x 106.08646pt.
<figs/cnn_arch.png, id=506, 501.875pt x 171.13937pt>
File: figs/cnn_arch.png Graphic file (type png)
<use figs/cnn_arch.png>
Package pdftex.def Info: figs/cnn_arch.png  used on input line 70.
(pdftex.def)             Requested size: 325.215pt x 110.90239pt.
 [9 <./figs/cnn_hv_features.png> <./figs/cnn_arch.png>]
<figs/transfer_learning.jpg, id=516, 1027.84pt x 576.1525pt>
File: figs/transfer_learning.jpg Graphic file (type jpg)
<use figs/transfer_learning.jpg>
Package pdftex.def Info: figs/transfer_learning.jpg  used on input line 81.
(pdftex.def)             Requested size: 216.81pt x 121.53186pt.
<figs/sift.jpg, id=520, 451.6875pt x 339.2675pt>
File: figs/sift.jpg Graphic file (type jpg)
<use figs/sift.jpg>
Package pdftex.def Info: figs/sift.jpg  used on input line 91.
(pdftex.def)             Requested size: 216.81pt x 162.85172pt.
<figs/ransac_correct.png, id=523, 462.528pt x 346.896pt>
File: figs/ransac_correct.png Graphic file (type png)
<use figs/ransac_correct.png>
Package pdftex.def Info: figs/ransac_correct.png  used on input line 98.
(pdftex.def)             Requested size: 216.81pt x 162.60709pt.
 [10 <./figs/transfer_learning.jpg>] [11 <./figs/sift.jpg> <./figs/ransac_corre
ct.png>]
Underfull \hbox (badness 10000) in paragraph at lines 110--112

 []


Underfull \hbox (badness 10000) in paragraph at lines 113--114

 []

<figs/img_alignment.jpg, id=541, 950.55125pt x 728.7225pt>
File: figs/img_alignment.jpg Graphic file (type jpg)
<use figs/img_alignment.jpg>
Package pdftex.def Info: figs/img_alignment.jpg  used on input line 135.
(pdftex.def)             Requested size: 216.81pt x 166.21272pt.
) (Chapters/Chapter3.tex [12] [13 <./figs/img_alignment.jpg>]
Chapter 3.
------------------------------------------------------------------------------
 3 Dataset
------------------------------------------------------------------------------
<figs/charlottetown.png, id=552, 594.22pt x 273.02pt>
File: figs/charlottetown.png Graphic file (type png)
<use figs/charlottetown.png>
Package pdftex.def Info: figs/charlottetown.png  used on input line 8.
(pdftex.def)             Requested size: 216.81pt x 99.61606pt.
<figs/affine_noise.png, id=553, 730.22812pt x 340.27126pt>
File: figs/affine_noise.png Graphic file (type png)
<use figs/affine_noise.png>
Package pdftex.def Info: figs/affine_noise.png  used on input line 19.
(pdftex.def)             Requested size: 289.07999pt x 134.70421pt.
[14

 <./figs/charlottetown.png>] [15 <./figs/affine_noise.png>]
<figs/source_target.png, id=565, 1924.18875pt x 543.53062pt>
File: figs/source_target.png Graphic file (type png)
<use figs/source_target.png>
Package pdftex.def Info: figs/source_target.png  used on input line 34.
(pdftex.def)             Requested size: 325.215pt x 91.8599pt.
<figs/vgg16_architecture.png, id=567, 650.43pt x 395.22656pt>
File: figs/vgg16_architecture.png Graphic file (type png)
<use figs/vgg16_architecture.png>
Package pdftex.def Info: figs/vgg16_architecture.png  used on input line 52.
(pdftex.def)             Requested size: 216.81pt x 131.73984pt.
 [16 <./figs/source_target.png>]) (Chapters/Chapter4.tex [17 <./figs/vgg16_arch
itecture.png>]
Chapter 4.
------------------------------------------------------------------------------
 4 The Model
------------------------------------------------------------------------------
[18

]
<figs/cnn_model_aff.png, id=593, 604.50844pt x 134.00063pt>
File: figs/cnn_model_aff.png Graphic file (type png)
<use figs/cnn_model_aff.png>
Package pdftex.def Info: figs/cnn_model_aff.png  used on input line 15.
(pdftex.def)             Requested size: 216.81pt x 48.06024pt.
<figs/data_example.png, id=596, 384.6872pt x 199.49532pt>
File: figs/data_example.png Graphic file (type png)
<use figs/data_example.png>
Package pdftex.def Info: figs/data_example.png  used on input line 25.
(pdftex.def)             Requested size: 216.81pt x 112.43803pt.
 [19 <./figs/cnn_model_aff.png>]
<figs/full_arch.png, id=607, 670.75594pt x 179.92218pt>
File: figs/full_arch.png Graphic file (type png)
<use figs/full_arch.png>
Package pdftex.def Info: figs/full_arch.png  used on input line 43.
(pdftex.def)             Requested size: 216.81pt x 58.15555pt.


LaTeX Warning: Reference `fig:4.3' on page 20 undefined on input line 46.


LaTeX Warning: Reference `fig: 4.4' on page 20 undefined on input line 46.

<figs/aff_tps.png, id=610, 1065.22969pt x 210.7875pt>
File: figs/aff_tps.png Graphic file (type png)
<use figs/aff_tps.png>
Package pdftex.def Info: figs/aff_tps.png  used on input line 49.
(pdftex.def)             Requested size: 289.07999pt x 57.20285pt.
<figs/overlap.png, id=614, 830.35219pt x 270.25969pt>
File: figs/overlap.png Graphic file (type png)
<use figs/overlap.png>
Package pdftex.def Info: figs/overlap.png  used on input line 55.
(pdftex.def)             Requested size: 289.07999pt x 94.08919pt.
<figs/bound_box.png, id=618, 859.71187pt x 487.06969pt>
File: figs/bound_box.png Graphic file (type png)
<use figs/bound_box.png>
Package pdftex.def Info: figs/bound_box.png  used on input line 61.
(pdftex.def)             Requested size: 289.07999pt x 163.78064pt.
[20 <./figs/data_example.png>]
<figs/keypoint_examples.png, id=626, 643.6547pt x 377.91188pt>
File: figs/keypoint_examples.png Graphic file (type png)
<use figs/keypoint_examples.png>
Package pdftex.def Info: figs/keypoint_examples.png  used on input line 68.
(pdftex.def)             Requested size: 289.07999pt x 169.73584pt.
) [21 <./figs/full_arch.png> <./figs/aff_tps.png> <./figs/overlap.png>] [22 <./
figs/bound_box.png> <./figs/keypoint_examples.png>] (Chapters/Chapter5.tex [23]

Chapter 5.
------------------------------------------------------------------------------
 5 Results
------------------------------------------------------------------------------

Underfull \hbox (badness 10000) in paragraph at lines 2--4

 []

[24

]
Underfull \hbox (badness 10000) in paragraph at lines 23--24

 []

<figs/ml_affine_similar.png, id=661, 855.195pt x 262.73157pt>
File: figs/ml_affine_similar.png Graphic file (type png)
<use figs/ml_affine_similar.png>
Package pdftex.def Info: figs/ml_affine_similar.png  used on input line 36.
(pdftex.def)             Requested size: 361.34999pt x 111.01198pt.
<figs/40_right_40_down.png, id=662, 827.34094pt x 244.66406pt>
File: figs/40_right_40_down.png Graphic file (type png)
<use figs/40_right_40_down.png>
Package pdftex.def Info: figs/40_right_40_down.png  used on input line 42.
(pdftex.def)             Requested size: 361.34999pt x 106.86105pt.
<figs/60_right_60_down.png, id=663, 825.0825pt x 237.13594pt>
File: figs/60_right_60_down.png Graphic file (type png)
<use figs/60_right_60_down.png>
Package pdftex.def Info: figs/60_right_60_down.png  used on input line 48.
(pdftex.def)             Requested size: 361.34999pt x 103.85526pt.
[25] [26 <./figs/ml_affine_similar.png>] [27 <./figs/40_right_40_down.png> <./f
igs/60_right_60_down.png>]
<figs/sift_20r_20up.png, id=683, 834.86906pt x 240.9pt>
File: figs/sift_20r_20up.png Graphic file (type png)
<use figs/sift_20r_20up.png>
Package pdftex.def Info: figs/sift_20r_20up.png  used on input line 60.
(pdftex.def)             Requested size: 361.34999pt x 104.26868pt.
<figs/sift_40down_40right.png, id=684, 825.83531pt x 240.14719pt>
File: figs/sift_40down_40right.png Graphic file (type png)
<use figs/sift_40down_40right.png>
Package pdftex.def Info: figs/sift_40down_40right.png  used on input line 67.
(pdftex.def)             Requested size: 361.34999pt x 105.07878pt.
<figs/sift_60down_60right.png, id=685, 847.66687pt x 245.41687pt>
File: figs/sift_60down_60right.png Graphic file (type png)
<use figs/sift_60down_60right.png>
Package pdftex.def Info: figs/sift_60down_60right.png  used on input line 74.
(pdftex.def)             Requested size: 361.34999pt x 104.61722pt.
<figs/click_20up_20right.png, id=686, 828.09375pt x 242.40562pt>
File: figs/click_20up_20right.png Graphic file (type png)
<use figs/click_20up_20right.png>
Package pdftex.def Info: figs/click_20up_20right.png  used on input line 83.
(pdftex.def)             Requested size: 361.34999pt x 105.77847pt.
 [28 <./figs/sift_20r_20up.png> <./figs/sift_40down_40right.png> <./figs/sift_6
0down_60right.png>]
<figs/click_40down_40right.png, id=694, 849.1725pt x 246.1697pt>
File: figs/click_40down_40right.png Graphic file (type png)
<use figs/click_40down_40right.png>
Package pdftex.def Info: figs/click_40down_40right.png  used on input line 89.
(pdftex.def)             Requested size: 361.34999pt x 104.75407pt.
<figs/click_60down_60right.png, id=695, 847.66687pt x 249.18094pt>
File: figs/click_60down_60right.png Graphic file (type png)
<use figs/click_60down_60right.png>
Package pdftex.def Info: figs/click_60down_60right.png  used on input line 95.
(pdftex.def)             Requested size: 361.34999pt x 106.22177pt.
 [29 <./figs/click_20up_20right.png> <./figs/click_40down_40right.png> <./figs/
click_60down_60right.png>])
(Chapters/Chapter6.tex [30]
Chapter 6.
------------------------------------------------------------------------------
 6 Observations and Conclusions
------------------------------------------------------------------------------
<figs/data_compare.png, id=709, 1854.17719pt x 609.02531pt>
File: figs/data_compare.png Graphic file (type png)
<use figs/data_compare.png>
Package pdftex.def Info: figs/data_compare.png  used on input line 10.
(pdftex.def)             Requested size: 361.34999pt x 118.68976pt.

Underfull \hbox (badness 10000) in paragraph at lines 7--15

 []

[31

]
<figs/train_src_tgr.png, id=718, 398.23781pt x 222.8325pt>
File: figs/train_src_tgr.png Graphic file (type png)
<use figs/train_src_tgr.png>
Package pdftex.def Info: figs/train_src_tgr.png  used on input line 18.
(pdftex.def)             Requested size: 361.34999pt x 202.19986pt.
 [32 <./figs/data_compare.png> <./figs/train_src_tgr.png>] [33]) [34]
------------------------------------------------------------------------------
 Bibliography
------------------------------------------------------------------------------
(Thesis.bbl
Underfull \hbox (badness 10000) in paragraph at lines 37--42
[]\OT1/cmr/m/n/10.95 A Be-gin-ner's Guide To Un-der-stand-ing Con-vo-lu-tional 
Neu-ral Net-
 []


Underfull \hbox (badness 10000) in paragraph at lines 37--42
\OT1/cmr/m/n/10.95 works adit desh-pande.  [][]$\OT1/cmtt/m/n/10.95 https : / /
 adeshpande3 . github . io / A-[]Beginner %
 []


Underfull \hbox (badness 10000) in paragraph at lines 44--48
[]\OT1/cmr/m/n/10.95 Image Clas-si-fi-ca-tion us-ing Trans-fer Learn-ing in Py-

 []


Underfull \hbox (badness 10000) in paragraph at lines 44--48
\OT1/cmr/m/n/10.95 Torch sunita nayak.  [][]$\OT1/cmtt/m/n/10.95 https : / / ww
w . learnopencv . com /
 []


Underfull \hbox (badness 2884) in paragraph at lines 44--48
\OT1/cmtt/m/n/10.95 image-[]classification-[]using-[]transfer-[]learning-[]in-[
]pytorch/$[][]\OT1/cmr/m/n/10.95 .  Ac-cessed:
 []


Underfull \hbox (badness 10000) in paragraph at lines 50--54
\OT1/cmtt/m/n/10.95 / / opencv-[]python-[]tutroals . readthedocs . io / en / la
test / py _ tutorials / py _
 []


Underfull \hbox (badness 5726) in paragraph at lines 62--67
[]\OT1/cmr/m/n/10.95 Adrian Rose-brock.  Im-a-genet: Vg-gnet, resnet, in-cep-ti
on, and xcep-
 []


Underfull \hbox (badness 10000) in paragraph at lines 62--67
\OT1/cmr/m/n/10.95 tion with keras.  [][]$\OT1/cmtt/m/n/10.95 https : / / www .
 pyimagesearch . com / 2017 / 03 / 20 /
 []


Underfull \hbox (badness 2875) in paragraph at lines 62--67
\OT1/cmtt/m/n/10.95 imagenet-[]vggnet-[]resnet-[]inception-[]xception-[]keras/$
[][]\OT1/cmr/m/n/10.95 .  Ac-cessed: March
 []

[35


]
Underfull \hbox (badness 3078) in paragraph at lines 69--72
[]\OT1/cmr/m/n/10.95 Rocco17.  Cn-nge-o-met-ric py-torch im-ple-men-ta-tion.  [
][]$\OT1/cmtt/m/n/10.95 https : / / github . com /
 []

[36]
Underfull \hbox (badness 1852) in paragraph at lines 152--155
[]\OT1/cmr/m/n/10.95 wikipedia.  Mean squared er-ror.  [][]$\OT1/cmtt/m/n/10.95
 https : / / en . wikipedia . org / wiki / Mean _
 []

)
Package atveryend Info: Empty hook `BeforeClearDocument' on input line 236.
 [37]
Package atveryend Info: Empty hook `AfterLastShipout' on input line 236.
 (Thesis.aux)
Package atveryend Info: Executing hook `AtVeryEndDocument' on input line 236.
Package atveryend Info: Executing hook `AtEndAfterFileList' on input line 236.
Package rerunfilecheck Info: File `Thesis.out' has not changed.
(rerunfilecheck)             Checksum: 1EDA2B9DBC23C4BBE47661B9DA111150;6357.


LaTeX Warning: There were undefined references.

Package atveryend Info: Empty hook `AtVeryVeryEnd' on input line 236.
 ) 
Here is how much of TeX's memory you used:
 14000 strings out of 481565
 206975 string characters out of 2912781
 448551 words of memory out of 3000000
 28818 multiletter control sequences out of 15000+200000
 543552 words of font info for 66 fonts, out of 3000000 for 9000
 1141 hyphenation exceptions out of 8191
 49i,12n,49p,1142b,482s stack positions out of 5000i,500n,10000p,200000b,50000s
 <C:\Users\YongBo\AppData\Local\MiKTeX\2.9\fonts/pk/ljfour/jknappen/ec/dpi600
\tcrm1000.pk> <C:\Users\YongBo\AppData\Local\MiKTeX\2.9\fonts/pk/ljfour/jknappe
n/ec/dpi600\tcrm1095.pk><C:/Users/YongBo/AppData/Local/Programs/MiKTeX 2.9.0/fo
nts/type1/public/amsfonts/cm/cmbx10.pfb><C:/Users/YongBo/AppData/Local/Programs
/MiKTeX 2.9.0/fonts/type1/public/amsfonts/cm/cmbx12.pfb><C:/Users/YongBo/AppDat
a/Local/Programs/MiKTeX 2.9.0/fonts/type1/public/amsfonts/cm/cmcsc10.pfb><C:/Us
ers/YongBo/AppData/Local/Programs/MiKTeX 2.9.0/fonts/type1/public/amsfonts/cm/c
mex10.pfb><C:/Users/YongBo/AppData/Local/Programs/MiKTeX 2.9.0/fonts/type1/publ
ic/amsfonts/cm/cmmi10.pfb><C:/Users/YongBo/AppData/Local/Programs/MiKTeX 2.9.0/
fonts/type1/public/amsfonts/cm/cmmi6.pfb><C:/Users/YongBo/AppData/Local/Program
s/MiKTeX 2.9.0/fonts/type1/public/amsfonts/cm/cmmi7.pfb><C:/Users/YongBo/AppDat
a/Local/Programs/MiKTeX 2.9.0/fonts/type1/public/amsfonts/cm/cmmi8.pfb><C:/User
s/YongBo/AppData/Local/Programs/MiKTeX 2.9.0/fonts/type1/public/amsfonts/cm/cmr
10.pfb><C:/Users/YongBo/AppData/Local/Programs/MiKTeX 2.9.0/fonts/type1/public/
amsfonts/cm/cmr12.pfb><C:/Users/YongBo/AppData/Local/Programs/MiKTeX 2.9.0/font
s/type1/public/amsfonts/cm/cmr17.pfb><C:/Users/YongBo/AppData/Local/Programs/Mi
KTeX 2.9.0/fonts/type1/public/amsfonts/cm/cmr8.pfb><C:/Users/YongBo/AppData/Loc
al/Programs/MiKTeX 2.9.0/fonts/type1/public/amsfonts/cm/cmsy10.pfb><C:/Users/Yo
ngBo/AppData/Local/Programs/MiKTeX 2.9.0/fonts/type1/public/amsfonts/cm/cmsy8.p
fb><C:/Users/YongBo/AppData/Local/Programs/MiKTeX 2.9.0/fonts/type1/public/amsf
onts/cm/cmti10.pfb><C:/Users/YongBo/AppData/Local/Programs/MiKTeX 2.9.0/fonts/t
ype1/public/amsfonts/cm/cmti12.pfb><C:/Users/YongBo/AppData/Local/Programs/MiKT
eX 2.9.0/fonts/type1/public/amsfonts/cm/cmtt10.pfb><C:/Users/YongBo/AppData/Loc
al/Programs/MiKTeX 2.9.0/fonts/type1/public/amsfonts/symbols/msam7.pfb>
Output written on Thesis.pdf (45 pages, 13757616 bytes).
PDF statistics:
 870 PDF objects out of 1000 (max. 8388607)
 153 named destinations out of 1000 (max. 500000)
 518 words of extra memory for PDF output out of 10000 (max. 10000000)

