\BOOKMARK [0][-]{dummy.1}{\376\377\000D\000e\000c\000l\000a\000r\000a\000t\000i\000o\000n\000\040\000o\000f\000\040\000A\000u\000t\000h\000o\000r\000s\000h\000i\000p}{}% 1
\BOOKMARK [0][-]{dummy.2}{\376\377\000A\000b\000s\000t\000r\000a\000c\000t}{}% 2
\BOOKMARK [0][-]{dummy.4}{\376\377\000L\000i\000s\000t\000\040\000o\000f\000\040\000F\000i\000g\000u\000r\000e\000s}{}% 3
\BOOKMARK [0][-]{chapter.6}{\376\377\0001\000\040\000I\000n\000t\000r\000o\000d\000u\000c\000t\000i\000o\000n}{}% 4
\BOOKMARK [1][-]{section.8}{\376\377\0001\000.\0001\000\040\000P\000r\000o\000b\000l\000e\000m}{chapter.6}% 5
\BOOKMARK [1][-]{section.9}{\376\377\0001\000.\0002\000\040\000I\000n\000t\000e\000r\000e\000s\000t\000i\000n\000g\000\050\000M\000a\000c\000h\000i\000n\000e\000\040\000L\000e\000a\000r\000n\000i\000n\000g\000\040\000s\000o\000l\000u\000t\000i\000o\000n\000\051}{chapter.6}% 6
\BOOKMARK [2][-]{subsection.11}{\376\377\0001\000.\0002\000.\0001\000\040\000F\000e\000a\000t\000u\000r\000e\000\040\000e\000x\000t\000r\000a\000c\000t\000i\000o\000n}{section.9}% 7
\BOOKMARK [1][-]{section.13}{\376\377\0001\000.\0003\000\040\000E\000v\000a\000l\000u\000a\000t\000i\000o\000n}{chapter.6}% 8
\BOOKMARK [0][-]{chapter.14}{\376\377\0002\000\040\000B\000a\000c\000k\000g\000r\000o\000u\000n\000d}{}% 9
\BOOKMARK [1][-]{section.15}{\376\377\0002\000.\0001\000\040\000M\000a\000c\000h\000i\000n\000e\000\040\000L\000e\000a\000r\000n\000i\000n\000g}{chapter.14}% 10
\BOOKMARK [1][-]{section.16}{\376\377\0002\000.\0002\000\040\000A\000f\000f\000i\000n\000e\000\040\000t\000r\000a\000n\000s\000f\000o\000r\000m\000a\000t\000i\000o\000n}{chapter.14}% 11
\BOOKMARK [2][-]{subsection.17}{\376\377\0002\000.\0002\000.\0001\000\040\000N\000e\000u\000r\000a\000l\000\040\000n\000e\000t\000w\000o\000r\000k}{section.16}% 12
\BOOKMARK [2][-]{subsection.20}{\376\377\0002\000.\0002\000.\0002\000\040\000C\000N\000N\000\050\000C\000o\000n\000v\000o\000l\000u\000t\000i\000o\000n\000a\000l\000\040\000N\000e\000u\000r\000a\000l\000\040\000N\000e\000t\000w\000o\000r\000k\000\051}{section.16}% 13
\BOOKMARK [2][-]{subsection.23}{\376\377\0002\000.\0002\000.\0003\000\040\000T\000r\000a\000n\000s\000f\000e\000r\000\040\000l\000e\000a\000r\000n\000i\000n\000g}{section.16}% 14
\BOOKMARK [1][-]{section.25}{\376\377\0002\000.\0003\000\040\000S\000I\000F\000T\000\040\000a\000n\000d\000\040\000R\000A\000N\000S\000A\000C}{chapter.14}% 15
\BOOKMARK [1][-]{section.28}{\376\377\0002\000.\0004\000\040\000I\000m\000a\000g\000e\000\040\000A\000l\000i\000g\000n\000m\000e\000n\000t}{chapter.14}% 16
\BOOKMARK [0][-]{chapter.30}{\376\377\0003\000\040\000D\000a\000t\000a\000s\000e\000t}{}% 17
\BOOKMARK [1][-]{section.31}{\376\377\0003\000.\0001\000\040\000A\000P\000I}{chapter.30}% 18
\BOOKMARK [1][-]{section.33}{\376\377\0003\000.\0002\000\040\000I\000m\000a\000g\000e}{chapter.30}% 19
\BOOKMARK [1][-]{section.35}{\376\377\0003\000.\0003\000\040\000T\000r\000a\000i\000n\000i\000n\000g\000\040\000d\000a\000t\000a}{chapter.30}% 20
\BOOKMARK [1][-]{section.37}{\376\377\0003\000.\0004\000\040\000C\000S\000V\000\040\000F\000i\000l\000e}{chapter.30}% 21
\BOOKMARK [1][-]{section.38}{\376\377\0003\000.\0005\000\040\000F\000o\000r\000m\000a\000t}{chapter.30}% 22
\BOOKMARK [0][-]{chapter.40}{\376\377\0004\000\040\000T\000h\000e\000\040\000M\000o\000d\000e\000l}{}% 23
\BOOKMARK [1][-]{section.41}{\376\377\0004\000.\0001\000\040\000M\000o\000d\000e\000l}{chapter.40}% 24
\BOOKMARK [1][-]{section.43}{\376\377\0004\000.\0002\000\040\000I\000n\000p\000u\000t\000\040\000a\000n\000d\000\040\000o\000u\000t\000p\000u\000t}{chapter.40}% 25
\BOOKMARK [1][-]{section.45}{\376\377\0004\000.\0003\000\040\000R\000e\000q\000u\000i\000r\000e\000d\000\040\000l\000a\000b\000e\000l}{chapter.40}% 26
\BOOKMARK [1][-]{section.46}{\376\377\0004\000.\0004\000\040\000L\000e\000a\000r\000n\000i\000n\000g}{chapter.40}% 27
\BOOKMARK [0][-]{chapter.52}{\376\377\0005\000\040\000R\000e\000s\000u\000l\000t\000s}{}% 28
\BOOKMARK [1][-]{section.53}{\376\377\0005\000.\0001\000\040\000T\000r\000a\000i\000n\000i\000n\000g}{chapter.52}% 29
\BOOKMARK [2][-]{subsection.54}{\376\377\0005\000.\0001\000.\0001\000\040\000T\000r\000a\000i\000n\000i\000n\000g\000\040\000d\000a\000t\000a}{section.53}% 30
\BOOKMARK [2][-]{subsection.55}{\376\377\0005\000.\0001\000.\0002\000\040\000L\000o\000s\000s\000\040\000f\000u\000n\000c\000t\000i\000o\000n}{section.53}% 31
\BOOKMARK [2][-]{subsection.56}{\376\377\0005\000.\0001\000.\0003\000\040\000I\000m\000p\000l\000e\000m\000e\000n\000t\000\040\000d\000e\000t\000a\000i\000l}{section.53}% 32
\BOOKMARK [1][-]{section.57}{\376\377\0005\000.\0002\000\040\000E\000x\000p\000e\000r\000i\000m\000e\000n\000t\000\040\000r\000e\000s\000u\000l\000t}{chapter.52}% 33
\BOOKMARK [2][-]{subsection.58}{\376\377\0005\000.\0002\000.\0001\000\040\000M\000a\000c\000h\000i\000n\000e\000\040\000l\000e\000a\000r\000n\000i\000n\000g\000\040\000r\000e\000s\000u\000l\000t\000s}{section.57}% 34
\BOOKMARK [2][-]{subsection.62}{\376\377\0005\000.\0002\000.\0002\000\040\000S\000I\000F\000T\000\040\000a\000n\000d\000\040\000R\000A\000N\000S\000A\000C}{section.57}% 35
\BOOKMARK [2][-]{subsection.66}{\376\377\0005\000.\0002\000.\0003\000\040\000M\000a\000n\000u\000a\000l}{section.57}% 36
\BOOKMARK [1][-]{section.70}{\376\377\0005\000.\0003\000\040\000R\000e\000s\000u\000l\000t}{chapter.52}% 37
\BOOKMARK [0][-]{chapter.71}{\376\377\0006\000\040\000O\000b\000s\000e\000r\000v\000a\000t\000i\000o\000n\000s\000\040\000a\000n\000d\000\040\000C\000o\000n\000c\000l\000u\000s\000i\000o\000n\000s}{}% 38
\BOOKMARK [1][-]{section.72}{\376\377\0006\000.\0001\000\040\000F\000u\000r\000t\000h\000e\000r\000\040\000r\000e\000s\000e\000a\000r\000c\000h}{chapter.71}% 39
\BOOKMARK [2][-]{subsection.73}{\376\377\0006\000.\0001\000.\0001\000\040\000D\000a\000t\000a}{section.72}% 40
\BOOKMARK [2][-]{subsection.76}{\376\377\0006\000.\0001\000.\0002\000\040\000M\000o\000d\000e\000l}{section.72}% 41
\BOOKMARK [3][-]{subsubsection.77}{\376\377\0006\000.\0001\000.\0002\000.\0001\000\040\000L\000o\000s\000s\000\040\000f\000u\000n\000c\000t\000i\000o\000n}{subsection.76}% 42
\BOOKMARK [1][-]{section.78}{\376\377\0006\000.\0002\000\040\000C\000o\000n\000c\000l\000u\000s\000i\000o\000n}{chapter.71}% 43
\BOOKMARK [0][-]{dummy.79}{\376\377\000B\000i\000b\000l\000i\000o\000g\000r\000a\000p\000h\000y}{}% 44
